[debug] [2020-06-11T08:29:08.512Z] ----------------------------------------------------------------------
[debug] [2020-06-11T08:29:08.516Z] Command:       C:\Program Files\nodejs\node.exe C:\Users\mnavinc\AppData\Roaming\npm\node_modules\firebase-tools\lib\bin\firebase.js serve
[debug] [2020-06-11T08:29:08.517Z] CLI Version:   8.4.2
[debug] [2020-06-11T08:29:08.517Z] Platform:      win32
[debug] [2020-06-11T08:29:08.517Z] Node Version:  v10.15.3
[debug] [2020-06-11T08:29:08.519Z] Time:          Thu Jun 11 2020 13:59:08 GMT+0530 (India Standard Time)
[debug] [2020-06-11T08:29:08.520Z] ----------------------------------------------------------------------
[debug] [2020-06-11T08:29:08.520Z] 
[debug] [2020-06-11T08:29:08.538Z] > command requires scopes: ["email","openid","https://www.googleapis.com/auth/cloudplatformprojects.readonly","https://www.googleapis.com/auth/firebase","https://www.googleapis.com/auth/cloud-platform"]
[debug] [2020-06-11T08:29:08.538Z] > authorizing via signed-in user
[debug] [2020-06-11T08:29:08.539Z] [iam] checking project etikoppa-aacfe for permissions ["firebase.projects.get"]
[debug] [2020-06-11T08:29:08.544Z] >>> HTTP REQUEST POST https://cloudresourcemanager.googleapis.com/v1/projects/etikoppa-aacfe:testIamPermissions  
 {"permissions":["firebase.projects.get"]}
[debug] [2020-06-11T08:29:09.943Z] <<< HTTP RESPONSE 200 {"content-type":"application/json; charset=UTF-8","vary":"X-Origin, Referer, Origin,Accept-Encoding","date":"Thu, 11 Jun 2020 08:29:11 GMT","server":"ESF","cache-control":"private","x-xss-protection":"0","x-frame-options":"SAMEORIGIN","x-content-type-options":"nosniff","server-timing":"gfet4t7; dur=1134","alt-svc":"h3-27=\":443\"; ma=2592000,h3-25=\":443\"; ma=2592000,h3-T050=\":443\"; ma=2592000,h3-Q050=\":443\"; ma=2592000,h3-Q049=\":443\"; ma=2592000,h3-Q048=\":443\"; ma=2592000,h3-Q046=\":443\"; ma=2592000,h3-Q043=\":443\"; ma=2592000,quic=\":443\"; ma=2592000; v=\"46,43\"","accept-ranges":"none","transfer-encoding":"chunked"}
[debug] [2020-06-11T08:29:09.951Z] >>> HTTP REQUEST GET https://firebase.googleapis.com/v1beta1/projects/etikoppa-aacfe  
 
[debug] [2020-06-11T08:29:10.287Z] <<< HTTP RESPONSE 200 {"content-type":"application/json; charset=UTF-8","vary":"X-Origin, Referer, Origin,Accept-Encoding","date":"Thu, 11 Jun 2020 08:29:11 GMT","server":"ESF","cache-control":"private","x-xss-protection":"0","x-frame-options":"SAMEORIGIN","x-content-type-options":"nosniff","alt-svc":"h3-27=\":443\"; ma=2592000,h3-25=\":443\"; ma=2592000,h3-T050=\":443\"; ma=2592000,h3-Q050=\":443\"; ma=2592000,h3-Q049=\":443\"; ma=2592000,h3-Q048=\":443\"; ma=2592000,h3-Q046=\":443\"; ma=2592000,h3-Q043=\":443\"; ma=2592000,quic=\":443\"; ma=2592000; v=\"46,43\"","accept-ranges":"none","transfer-encoding":"chunked"}
[info] 
[info] === Serving from 'C:\Users\mnavinc\Documents\code\etikoppa'...
[info] 
[debug] [2020-06-11T08:29:10.338Z] >>> HTTP REQUEST GET https://firebase.googleapis.com/v1beta1/projects/etikoppa-aacfe/webApps/-/config  
 
[debug] [2020-06-11T08:29:11.344Z] <<< HTTP RESPONSE 200 {"content-type":"application/json; charset=UTF-8","vary":"X-Origin, Referer, Origin,Accept-Encoding","date":"Thu, 11 Jun 2020 08:29:12 GMT","server":"ESF","cache-control":"private","x-xss-protection":"0","x-frame-options":"SAMEORIGIN","x-content-type-options":"nosniff","alt-svc":"h3-27=\":443\"; ma=2592000,h3-25=\":443\"; ma=2592000,h3-T050=\":443\"; ma=2592000,h3-Q050=\":443\"; ma=2592000,h3-Q049=\":443\"; ma=2592000,h3-Q048=\":443\"; ma=2592000,h3-Q046=\":443\"; ma=2592000,h3-Q043=\":443\"; ma=2592000,quic=\":443\"; ma=2592000; v=\"46,43\"","accept-ranges":"none","transfer-encoding":"chunked"}
[info] i  hosting: Serving hosting files from: dist/ {"metadata":{"emulator":{"name":"hosting"},"message":"Serving hosting files from: \u001b[1mdist/\u001b[22m"}}
[info] +  hosting: Local server: http://localhost:5000 {"metadata":{"emulator":{"name":"hosting"},"message":"Local server: \u001b[4m\u001b[1mhttp://localhost:5000\u001b[22m\u001b[24m"}}
[warn] !  Your requested "node" version "8" doesn't match your global version "10" {"metadata":{"emulator":{"name":"functions"},"message":"Your requested \"node\" version \"8\" doesn't match your global version \"10\""}}
[info] i  functions: Watching "C:\Users\mnavinc\Documents\code\etikoppa\functions" for Cloud Functions... {"metadata":{"emulator":{"name":"functions"},"message":"Watching \"C:\\Users\\mnavinc\\Documents\\code\\etikoppa\\functions\" for Cloud Functions..."}}
[debug] [2020-06-11T08:29:12.393Z] [worker-pool] addWorker(~diagnostic~) {"metadata":{"emulator":{"name":"functions"},"message":"[worker-pool] addWorker(~diagnostic~)"}}
[debug] [2020-06-11T08:29:12.394Z] [worker-pool] Adding worker with key ~diagnostic~, total=1 {"metadata":{"emulator":{"name":"functions"},"message":"[worker-pool] Adding worker with key ~diagnostic~, total=1"}}
[debug] [2020-06-11T08:29:12.394Z] [worker-pool] submitWork(triggerId=) {"metadata":{"emulator":{"name":"functions"},"message":"[worker-pool] submitWork(triggerId=)"}}
[debug] [2020-06-11T08:29:12.395Z] [worker-~diagnostic~-0248235f-6172-4b77-bb4f-add75e1288b4]: Assigning socketPath: \\?\pipe\C:\Users\mnavinc\Documents\code\etikoppa\functions\7460 {"metadata":{"emulator":{"name":"functions"},"message":"[worker-~diagnostic~-0248235f-6172-4b77-bb4f-add75e1288b4]: Assigning socketPath: \\\\?\\pipe\\C:\\Users\\mnavinc\\Documents\\code\\etikoppa\\functions\\7460"}}
[debug] [2020-06-11T08:29:12.395Z] [worker-~diagnostic~-0248235f-6172-4b77-bb4f-add75e1288b4]: BUSY {"metadata":{"emulator":{"name":"functions"},"message":"[worker-~diagnostic~-0248235f-6172-4b77-bb4f-add75e1288b4]: BUSY"}}
[debug] [2020-06-11T08:29:13.100Z] [runtime-status] [7460] Functions runtime initialized. {"cwd":"C:\\Users\\mnavinc\\Documents\\code\\etikoppa\\functions","node_version":"10.15.3"} {"metadata":{"emulator":{"name":"functions"},"message":"[runtime-status] [7460] Functions runtime initialized. {\"cwd\":\"C:\\\\Users\\\\mnavinc\\\\Documents\\\\code\\\\etikoppa\\\\functions\",\"node_version\":\"10.15.3\"}"}}
[debug] [2020-06-11T08:29:13.105Z] [runtime-status] [7460] Disabled runtime features: undefined {"metadata":{"emulator":{"name":"functions"},"message":"[runtime-status] [7460] Disabled runtime features: undefined"}}
[debug] [2020-06-11T08:29:13.110Z] [runtime-status] [7460] Resolved module firebase-admin {"declared":true,"installed":true,"version":"8.12.1","resolution":"C:\\Users\\mnavinc\\Documents\\code\\etikoppa\\functions\\node_modules\\firebase-admin\\lib\\index.js"} {"metadata":{"emulator":{"name":"functions"},"message":"[runtime-status] [7460] Resolved module firebase-admin {\"declared\":true,\"installed\":true,\"version\":\"8.12.1\",\"resolution\":\"C:\\\\Users\\\\mnavinc\\\\Documents\\\\code\\\\etikoppa\\\\functions\\\\node_modules\\\\firebase-admin\\\\lib\\\\index.js\"}"}}
[debug] [2020-06-11T08:29:13.114Z] [runtime-status] [7460] Resolved module firebase-functions {"declared":true,"installed":true,"version":"3.7.0","resolution":"C:\\Users\\mnavinc\\Documents\\code\\etikoppa\\functions\\node_modules\\firebase-functions\\lib\\index.js"} {"metadata":{"emulator":{"name":"functions"},"message":"[runtime-status] [7460] Resolved module firebase-functions {\"declared\":true,\"installed\":true,\"version\":\"3.7.0\",\"resolution\":\"C:\\\\Users\\\\mnavinc\\\\Documents\\\\code\\\\etikoppa\\\\functions\\\\node_modules\\\\firebase-functions\\\\lib\\\\index.js\"}"}}
[debug] [2020-06-11T08:29:13.123Z] [runtime-status] [7460] Outgoing network have been stubbed. [{"name":"http","status":"mocked"},{"name":"http","status":"mocked"},{"name":"https","status":"mocked"},{"name":"https","status":"mocked"},{"name":"net","status":"mocked"}] {"metadata":{"emulator":{"name":"functions"},"message":"[runtime-status] [7460] Outgoing network have been stubbed. [{\"name\":\"http\",\"status\":\"mocked\"},{\"name\":\"http\",\"status\":\"mocked\"},{\"name\":\"https\",\"status\":\"mocked\"},{\"name\":\"https\",\"status\":\"mocked\"},{\"name\":\"net\",\"status\":\"mocked\"}]"}}
[debug] [2020-06-11T08:29:13.126Z] [runtime-status] [7460] Resolved module firebase-functions {"declared":true,"installed":true,"version":"3.7.0","resolution":"C:\\Users\\mnavinc\\Documents\\code\\etikoppa\\functions\\node_modules\\firebase-functions\\lib\\index.js"} {"metadata":{"emulator":{"name":"functions"},"message":"[runtime-status] [7460] Resolved module firebase-functions {\"declared\":true,\"installed\":true,\"version\":\"3.7.0\",\"resolution\":\"C:\\\\Users\\\\mnavinc\\\\Documents\\\\code\\\\etikoppa\\\\functions\\\\node_modules\\\\firebase-functions\\\\lib\\\\index.js\"}"}}
[debug] [2020-06-11T08:29:13.208Z] [runtime-status] [7460] Checked functions.config() {"config":{}} {"metadata":{"emulator":{"name":"functions"},"message":"[runtime-status] [7460] Checked functions.config() {\"config\":{}}"}}
[debug] [2020-06-11T08:29:13.209Z] [runtime-status] [7460] firebase-functions has been stubbed. {"functionsResolution":{"declared":true,"installed":true,"version":"3.7.0","resolution":"C:\\Users\\mnavinc\\Documents\\code\\etikoppa\\functions\\node_modules\\firebase-functions\\lib\\index.js"}} {"metadata":{"emulator":{"name":"functions"},"message":"[runtime-status] [7460] firebase-functions has been stubbed. {\"functionsResolution\":{\"declared\":true,\"installed\":true,\"version\":\"3.7.0\",\"resolution\":\"C:\\\\Users\\\\mnavinc\\\\Documents\\\\code\\\\etikoppa\\\\functions\\\\node_modules\\\\firebase-functions\\\\lib\\\\index.js\"}}"}}
[debug] [2020-06-11T08:29:13.210Z] [runtime-status] [7460] Resolved module firebase-functions {"declared":true,"installed":true,"version":"3.7.0","resolution":"C:\\Users\\mnavinc\\Documents\\code\\etikoppa\\functions\\node_modules\\firebase-functions\\lib\\index.js"} {"metadata":{"emulator":{"name":"functions"},"message":"[runtime-status] [7460] Resolved module firebase-functions {\"declared\":true,\"installed\":true,\"version\":\"3.7.0\",\"resolution\":\"C:\\\\Users\\\\mnavinc\\\\Documents\\\\code\\\\etikoppa\\\\functions\\\\node_modules\\\\firebase-functions\\\\lib\\\\index.js\"}"}}
[debug] [2020-06-11T08:29:13.211Z] [runtime-status] [7460] Resolved module firebase-admin {"declared":true,"installed":true,"version":"8.12.1","resolution":"C:\\Users\\mnavinc\\Documents\\code\\etikoppa\\functions\\node_modules\\firebase-admin\\lib\\index.js"} {"metadata":{"emulator":{"name":"functions"},"message":"[runtime-status] [7460] Resolved module firebase-admin {\"declared\":true,\"installed\":true,\"version\":\"8.12.1\",\"resolution\":\"C:\\\\Users\\\\mnavinc\\\\Documents\\\\code\\\\etikoppa\\\\functions\\\\node_modules\\\\firebase-admin\\\\lib\\\\index.js\"}"}}
[debug] [2020-06-11T08:29:13.212Z] [runtime-status] [7460] Resolved module firebase-functions {"declared":true,"installed":true,"version":"3.7.0","resolution":"C:\\Users\\mnavinc\\Documents\\code\\etikoppa\\functions\\node_modules\\firebase-functions\\lib\\index.js"} {"metadata":{"emulator":{"name":"functions"},"message":"[runtime-status] [7460] Resolved module firebase-functions {\"declared\":true,\"installed\":true,\"version\":\"3.7.0\",\"resolution\":\"C:\\\\Users\\\\mnavinc\\\\Documents\\\\code\\\\etikoppa\\\\functions\\\\node_modules\\\\firebase-functions\\\\lib\\\\index.js\"}"}}
[debug] [2020-06-11T08:29:13.213Z] [runtime-status] [7460] firebase-admin has been stubbed. {"adminResolution":{"declared":true,"installed":true,"version":"8.12.1","resolution":"C:\\Users\\mnavinc\\Documents\\code\\etikoppa\\functions\\node_modules\\firebase-admin\\lib\\index.js"}} {"metadata":{"emulator":{"name":"functions"},"message":"[runtime-status] [7460] firebase-admin has been stubbed. {\"adminResolution\":{\"declared\":true,\"installed\":true,\"version\":\"8.12.1\",\"resolution\":\"C:\\\\Users\\\\mnavinc\\\\Documents\\\\code\\\\etikoppa\\\\functions\\\\node_modules\\\\firebase-admin\\\\lib\\\\index.js\"}}"}}
[debug] [2020-06-11T08:29:13.640Z] [runtime-status] [7460] initializeApp(DEFAULT) {"databaseURL":"https://etikoppa-aacfe.firebaseio.com","storageBucket":"etikoppa-aacfe.appspot.com","projectId":"etikoppa-aacfe"} {"metadata":{"emulator":{"name":"functions"},"message":"[runtime-status] [7460] initializeApp(DEFAULT) {\"databaseURL\":\"https://etikoppa-aacfe.firebaseio.com\",\"storageBucket\":\"etikoppa-aacfe.appspot.com\",\"projectId\":\"etikoppa-aacfe\"}"}}
[debug] [2020-06-11T08:29:13.643Z] [runtime-status] [7460] Error in handleMessage: {"frb":{"cwd":"C:\\Users\\mnavinc\\Documents\\code\\etikoppa\\functions","projectId":"etikoppa-aacfe","triggerId":"","emulators":{},"socketPath":"\\\\?\\pipe\\C:\\Users\\mnavinc\\Documents\\code\\etikoppa\\functions\\7460"},"opts":{"nodeBinary":"C:\\Program Files\\nodejs\\node.exe"}} => Error: Cannot find module './tsconfig.json': Error: Cannot find module './tsconfig.json'
    at Function.Module._resolveFilename (internal/modules/cjs/loader.js:582:15)
    at Function.resolve (internal/modules/cjs/helpers.js:30:19)
    at requireAsync (C:\Users\mnavinc\AppData\Roaming\npm\node_modules\firebase-tools\lib\emulator\functionsEmulatorRuntime.js:33:44)
    at C:\Users\mnavinc\AppData\Roaming\npm\node_modules\firebase-tools\lib\emulator\functionsEmulatorRuntime.js:566:33
    at Generator.next (<anonymous>)
    at C:\Users\mnavinc\AppData\Roaming\npm\node_modules\firebase-tools\lib\emulator\functionsEmulatorRuntime.js:8:71
    at new Promise (<anonymous>)
    at __awaiter (C:\Users\mnavinc\AppData\Roaming\npm\node_modules\firebase-tools\lib\emulator\functionsEmulatorRuntime.js:4:12)
    at moduleResolutionDetective (C:\Users\mnavinc\AppData\Roaming\npm\node_modules\firebase-tools\lib\emulator\functionsEmulatorRuntime.js:564:12)
    at C:\Users\mnavinc\AppData\Roaming\npm\node_modules\firebase-tools\lib\emulator\functionsEmulatorRuntime.js:653:23
    at Generator.next (<anonymous>)
    at fulfilled (C:\Users\mnavinc\AppData\Roaming\npm\node_modules\firebase-tools\lib\emulator\functionsEmulatorRuntime.js:5:58)
    at process._tickCallback (internal/process/next_tick.js:68:7) {"metadata":{"emulator":{"name":"functions"},"message":"[runtime-status] [7460] Error in handleMessage: {\"frb\":{\"cwd\":\"C:\\\\Users\\\\mnavinc\\\\Documents\\\\code\\\\etikoppa\\\\functions\",\"projectId\":\"etikoppa-aacfe\",\"triggerId\":\"\",\"emulators\":{},\"socketPath\":\"\\\\\\\\?\\\\pipe\\\\C:\\\\Users\\\\mnavinc\\\\Documents\\\\code\\\\etikoppa\\\\functions\\\\7460\"},\"opts\":{\"nodeBinary\":\"C:\\\\Program Files\\\\nodejs\\\\node.exe\"}} => Error: Cannot find module './tsconfig.json': Error: Cannot find module './tsconfig.json'\n    at Function.Module._resolveFilename (internal/modules/cjs/loader.js:582:15)\n    at Function.resolve (internal/modules/cjs/helpers.js:30:19)\n    at requireAsync (C:\\Users\\mnavinc\\AppData\\Roaming\\npm\\node_modules\\firebase-tools\\lib\\emulator\\functionsEmulatorRuntime.js:33:44)\n    at C:\\Users\\mnavinc\\AppData\\Roaming\\npm\\node_modules\\firebase-tools\\lib\\emulator\\functionsEmulatorRuntime.js:566:33\n    at Generator.next (<anonymous>)\n    at C:\\Users\\mnavinc\\AppData\\Roaming\\npm\\node_modules\\firebase-tools\\lib\\emulator\\functionsEmulatorRuntime.js:8:71\n    at new Promise (<anonymous>)\n    at __awaiter (C:\\Users\\mnavinc\\AppData\\Roaming\\npm\\node_modules\\firebase-tools\\lib\\emulator\\functionsEmulatorRuntime.js:4:12)\n    at moduleResolutionDetective (C:\\Users\\mnavinc\\AppData\\Roaming\\npm\\node_modules\\firebase-tools\\lib\\emulator\\functionsEmulatorRuntime.js:564:12)\n    at C:\\Users\\mnavinc\\AppData\\Roaming\\npm\\node_modules\\firebase-tools\\lib\\emulator\\functionsEmulatorRuntime.js:653:23\n    at Generator.next (<anonymous>)\n    at fulfilled (C:\\Users\\mnavinc\\AppData\\Roaming\\npm\\node_modules\\firebase-tools\\lib\\emulator\\functionsEmulatorRuntime.js:5:58)\n    at process._tickCallback (internal/process/next_tick.js:68:7)"}}
[warn] !  functions: Cannot find module './tsconfig.json' {"metadata":{"emulator":{"name":"functions"},"message":"Cannot find module './tsconfig.json'"}}
[warn] !  Your function was killed because it raised an unhandled error. {"metadata":{"emulator":{"name":"functions"},"message":"Your function was killed because it raised an unhandled error."}}
[debug] [2020-06-11T08:29:13.663Z] [worker-~diagnostic~-0248235f-6172-4b77-bb4f-add75e1288b4]: exited {"metadata":{"emulator":{"name":"functions"},"message":"[worker-~diagnostic~-0248235f-6172-4b77-bb4f-add75e1288b4]: exited"}}
[debug] [2020-06-11T08:29:13.664Z] [worker-~diagnostic~-0248235f-6172-4b77-bb4f-add75e1288b4]: FINISHED {"metadata":{"emulator":{"name":"functions"},"message":"[worker-~diagnostic~-0248235f-6172-4b77-bb4f-add75e1288b4]: FINISHED"}}
[debug] [2020-06-11T08:29:57.303Z] File C:\Users\mnavinc\Documents\code\etikoppa\functions\tsconfig.app.json changed, reloading triggers {"metadata":{"emulator":{"name":"functions"},"message":"File C:\\Users\\mnavinc\\Documents\\code\\etikoppa\\functions\\tsconfig.app.json changed, reloading triggers"}}
[debug] [2020-06-11T08:29:58.308Z] [worker-pool] Cleaned up workers for ~diagnostic~: 1 --> 0 {"metadata":{"emulator":{"name":"functions"},"message":"[worker-pool] Cleaned up workers for ~diagnostic~: 1 --> 0"}}
[debug] [2020-06-11T08:29:58.320Z] [worker-pool] addWorker(~diagnostic~) {"metadata":{"emulator":{"name":"functions"},"message":"[worker-pool] addWorker(~diagnostic~)"}}
[debug] [2020-06-11T08:29:58.320Z] [worker-pool] Adding worker with key ~diagnostic~, total=1 {"metadata":{"emulator":{"name":"functions"},"message":"[worker-pool] Adding worker with key ~diagnostic~, total=1"}}
[debug] [2020-06-11T08:29:58.321Z] [worker-pool] submitWork(triggerId=) {"metadata":{"emulator":{"name":"functions"},"message":"[worker-pool] submitWork(triggerId=)"}}
[debug] [2020-06-11T08:29:58.321Z] [worker-~diagnostic~-998cacc0-aba1-473b-a1ec-48da1e0d5427]: Assigning socketPath: \\?\pipe\C:\Users\mnavinc\Documents\code\etikoppa\functions\29060 {"metadata":{"emulator":{"name":"functions"},"message":"[worker-~diagnostic~-998cacc0-aba1-473b-a1ec-48da1e0d5427]: Assigning socketPath: \\\\?\\pipe\\C:\\Users\\mnavinc\\Documents\\code\\etikoppa\\functions\\29060"}}
[debug] [2020-06-11T08:29:58.322Z] [worker-~diagnostic~-998cacc0-aba1-473b-a1ec-48da1e0d5427]: BUSY {"metadata":{"emulator":{"name":"functions"},"message":"[worker-~diagnostic~-998cacc0-aba1-473b-a1ec-48da1e0d5427]: BUSY"}}
[debug] [2020-06-11T08:29:59.823Z] [runtime-status] [29060] Functions runtime initialized. {"cwd":"C:\\Users\\mnavinc\\Documents\\code\\etikoppa\\functions","node_version":"10.15.3"} {"metadata":{"emulator":{"name":"functions"},"message":"[runtime-status] [29060] Functions runtime initialized. {\"cwd\":\"C:\\\\Users\\\\mnavinc\\\\Documents\\\\code\\\\etikoppa\\\\functions\",\"node_version\":\"10.15.3\"}"}}
[debug] [2020-06-11T08:29:59.833Z] [runtime-status] [29060] Disabled runtime features: undefined {"metadata":{"emulator":{"name":"functions"},"message":"[runtime-status] [29060] Disabled runtime features: undefined"}}
[debug] [2020-06-11T08:29:59.844Z] [runtime-status] [29060] Resolved module firebase-admin {"declared":true,"installed":true,"version":"8.12.1","resolution":"C:\\Users\\mnavinc\\Documents\\code\\etikoppa\\functions\\node_modules\\firebase-admin\\lib\\index.js"} {"metadata":{"emulator":{"name":"functions"},"message":"[runtime-status] [29060] Resolved module firebase-admin {\"declared\":true,\"installed\":true,\"version\":\"8.12.1\",\"resolution\":\"C:\\\\Users\\\\mnavinc\\\\Documents\\\\code\\\\etikoppa\\\\functions\\\\node_modules\\\\firebase-admin\\\\lib\\\\index.js\"}"}}
[debug] [2020-06-11T08:29:59.851Z] [runtime-status] [29060] Resolved module firebase-functions {"declared":true,"installed":true,"version":"3.7.0","resolution":"C:\\Users\\mnavinc\\Documents\\code\\etikoppa\\functions\\node_modules\\firebase-functions\\lib\\index.js"} {"metadata":{"emulator":{"name":"functions"},"message":"[runtime-status] [29060] Resolved module firebase-functions {\"declared\":true,\"installed\":true,\"version\":\"3.7.0\",\"resolution\":\"C:\\\\Users\\\\mnavinc\\\\Documents\\\\code\\\\etikoppa\\\\functions\\\\node_modules\\\\firebase-functions\\\\lib\\\\index.js\"}"}}
[debug] [2020-06-11T08:29:59.871Z] [runtime-status] [29060] Outgoing network have been stubbed. [{"name":"http","status":"mocked"},{"name":"http","status":"mocked"},{"name":"https","status":"mocked"},{"name":"https","status":"mocked"},{"name":"net","status":"mocked"}] {"metadata":{"emulator":{"name":"functions"},"message":"[runtime-status] [29060] Outgoing network have been stubbed. [{\"name\":\"http\",\"status\":\"mocked\"},{\"name\":\"http\",\"status\":\"mocked\"},{\"name\":\"https\",\"status\":\"mocked\"},{\"name\":\"https\",\"status\":\"mocked\"},{\"name\":\"net\",\"status\":\"mocked\"}]"}}
[debug] [2020-06-11T08:29:59.878Z] [runtime-status] [29060] Resolved module firebase-functions {"declared":true,"installed":true,"version":"3.7.0","resolution":"C:\\Users\\mnavinc\\Documents\\code\\etikoppa\\functions\\node_modules\\firebase-functions\\lib\\index.js"} {"metadata":{"emulator":{"name":"functions"},"message":"[runtime-status] [29060] Resolved module firebase-functions {\"declared\":true,\"installed\":true,\"version\":\"3.7.0\",\"resolution\":\"C:\\\\Users\\\\mnavinc\\\\Documents\\\\code\\\\etikoppa\\\\functions\\\\node_modules\\\\firebase-functions\\\\lib\\\\index.js\"}"}}
[debug] [2020-06-11T08:30:00.040Z] [runtime-status] [29060] Checked functions.config() {"config":{}} {"metadata":{"emulator":{"name":"functions"},"message":"[runtime-status] [29060] Checked functions.config() {\"config\":{}}"}}
[debug] [2020-06-11T08:30:00.041Z] [runtime-status] [29060] firebase-functions has been stubbed. {"functionsResolution":{"declared":true,"installed":true,"version":"3.7.0","resolution":"C:\\Users\\mnavinc\\Documents\\code\\etikoppa\\functions\\node_modules\\firebase-functions\\lib\\index.js"}} {"metadata":{"emulator":{"name":"functions"},"message":"[runtime-status] [29060] firebase-functions has been stubbed. {\"functionsResolution\":{\"declared\":true,\"installed\":true,\"version\":\"3.7.0\",\"resolution\":\"C:\\\\Users\\\\mnavinc\\\\Documents\\\\code\\\\etikoppa\\\\functions\\\\node_modules\\\\firebase-functions\\\\lib\\\\index.js\"}}"}}
[debug] [2020-06-11T08:30:00.045Z] [runtime-status] [29060] Resolved module firebase-functions {"declared":true,"installed":true,"version":"3.7.0","resolution":"C:\\Users\\mnavinc\\Documents\\code\\etikoppa\\functions\\node_modules\\firebase-functions\\lib\\index.js"} {"metadata":{"emulator":{"name":"functions"},"message":"[runtime-status] [29060] Resolved module firebase-functions {\"declared\":true,\"installed\":true,\"version\":\"3.7.0\",\"resolution\":\"C:\\\\Users\\\\mnavinc\\\\Documents\\\\code\\\\etikoppa\\\\functions\\\\node_modules\\\\firebase-functions\\\\lib\\\\index.js\"}"}}
[debug] [2020-06-11T08:30:00.048Z] [runtime-status] [29060] Resolved module firebase-admin {"declared":true,"installed":true,"version":"8.12.1","resolution":"C:\\Users\\mnavinc\\Documents\\code\\etikoppa\\functions\\node_modules\\firebase-admin\\lib\\index.js"} {"metadata":{"emulator":{"name":"functions"},"message":"[runtime-status] [29060] Resolved module firebase-admin {\"declared\":true,\"installed\":true,\"version\":\"8.12.1\",\"resolution\":\"C:\\\\Users\\\\mnavinc\\\\Documents\\\\code\\\\etikoppa\\\\functions\\\\node_modules\\\\firebase-admin\\\\lib\\\\index.js\"}"}}
[debug] [2020-06-11T08:30:00.050Z] [runtime-status] [29060] Resolved module firebase-functions {"declared":true,"installed":true,"version":"3.7.0","resolution":"C:\\Users\\mnavinc\\Documents\\code\\etikoppa\\functions\\node_modules\\firebase-functions\\lib\\index.js"} {"metadata":{"emulator":{"name":"functions"},"message":"[runtime-status] [29060] Resolved module firebase-functions {\"declared\":true,\"installed\":true,\"version\":\"3.7.0\",\"resolution\":\"C:\\\\Users\\\\mnavinc\\\\Documents\\\\code\\\\etikoppa\\\\functions\\\\node_modules\\\\firebase-functions\\\\lib\\\\index.js\"}"}}
[debug] [2020-06-11T08:30:00.051Z] [runtime-status] [29060] firebase-admin has been stubbed. {"adminResolution":{"declared":true,"installed":true,"version":"8.12.1","resolution":"C:\\Users\\mnavinc\\Documents\\code\\etikoppa\\functions\\node_modules\\firebase-admin\\lib\\index.js"}} {"metadata":{"emulator":{"name":"functions"},"message":"[runtime-status] [29060] firebase-admin has been stubbed. {\"adminResolution\":{\"declared\":true,\"installed\":true,\"version\":\"8.12.1\",\"resolution\":\"C:\\\\Users\\\\mnavinc\\\\Documents\\\\code\\\\etikoppa\\\\functions\\\\node_modules\\\\firebase-admin\\\\lib\\\\index.js\"}}"}}
[debug] [2020-06-11T08:30:00.879Z] [runtime-status] [29060] initializeApp(DEFAULT) {"databaseURL":"https://etikoppa-aacfe.firebaseio.com","storageBucket":"etikoppa-aacfe.appspot.com","projectId":"etikoppa-aacfe"} {"metadata":{"emulator":{"name":"functions"},"message":"[runtime-status] [29060] initializeApp(DEFAULT) {\"databaseURL\":\"https://etikoppa-aacfe.firebaseio.com\",\"storageBucket\":\"etikoppa-aacfe.appspot.com\",\"projectId\":\"etikoppa-aacfe\"}"}}
[debug] [2020-06-11T08:30:00.884Z] [runtime-status] [29060] Error in handleMessage: {"frb":{"cwd":"C:\\Users\\mnavinc\\Documents\\code\\etikoppa\\functions","projectId":"etikoppa-aacfe","triggerId":"","emulators":{},"socketPath":"\\\\?\\pipe\\C:\\Users\\mnavinc\\Documents\\code\\etikoppa\\functions\\29060"},"opts":{"nodeBinary":"C:\\Program Files\\nodejs\\node.exe"}} => Error: Cannot find module './tsconfig.json': Error: Cannot find module './tsconfig.json'
    at Function.Module._resolveFilename (internal/modules/cjs/loader.js:582:15)
    at Function.resolve (internal/modules/cjs/helpers.js:30:19)
    at requireAsync (C:\Users\mnavinc\AppData\Roaming\npm\node_modules\firebase-tools\lib\emulator\functionsEmulatorRuntime.js:33:44)
    at C:\Users\mnavinc\AppData\Roaming\npm\node_modules\firebase-tools\lib\emulator\functionsEmulatorRuntime.js:566:33
    at Generator.next (<anonymous>)
    at C:\Users\mnavinc\AppData\Roaming\npm\node_modules\firebase-tools\lib\emulator\functionsEmulatorRuntime.js:8:71
    at new Promise (<anonymous>)
    at __awaiter (C:\Users\mnavinc\AppData\Roaming\npm\node_modules\firebase-tools\lib\emulator\functionsEmulatorRuntime.js:4:12)
    at moduleResolutionDetective (C:\Users\mnavinc\AppData\Roaming\npm\node_modules\firebase-tools\lib\emulator\functionsEmulatorRuntime.js:564:12)
    at C:\Users\mnavinc\AppData\Roaming\npm\node_modules\firebase-tools\lib\emulator\functionsEmulatorRuntime.js:653:23
    at Generator.next (<anonymous>)
    at fulfilled (C:\Users\mnavinc\AppData\Roaming\npm\node_modules\firebase-tools\lib\emulator\functionsEmulatorRuntime.js:5:58)
    at process._tickCallback (internal/process/next_tick.js:68:7) {"metadata":{"emulator":{"name":"functions"},"message":"[runtime-status] [29060] Error in handleMessage: {\"frb\":{\"cwd\":\"C:\\\\Users\\\\mnavinc\\\\Documents\\\\code\\\\etikoppa\\\\functions\",\"projectId\":\"etikoppa-aacfe\",\"triggerId\":\"\",\"emulators\":{},\"socketPath\":\"\\\\\\\\?\\\\pipe\\\\C:\\\\Users\\\\mnavinc\\\\Documents\\\\code\\\\etikoppa\\\\functions\\\\29060\"},\"opts\":{\"nodeBinary\":\"C:\\\\Program Files\\\\nodejs\\\\node.exe\"}} => Error: Cannot find module './tsconfig.json': Error: Cannot find module './tsconfig.json'\n    at Function.Module._resolveFilename (internal/modules/cjs/loader.js:582:15)\n    at Function.resolve (internal/modules/cjs/helpers.js:30:19)\n    at requireAsync (C:\\Users\\mnavinc\\AppData\\Roaming\\npm\\node_modules\\firebase-tools\\lib\\emulator\\functionsEmulatorRuntime.js:33:44)\n    at C:\\Users\\mnavinc\\AppData\\Roaming\\npm\\node_modules\\firebase-tools\\lib\\emulator\\functionsEmulatorRuntime.js:566:33\n    at Generator.next (<anonymous>)\n    at C:\\Users\\mnavinc\\AppData\\Roaming\\npm\\node_modules\\firebase-tools\\lib\\emulator\\functionsEmulatorRuntime.js:8:71\n    at new Promise (<anonymous>)\n    at __awaiter (C:\\Users\\mnavinc\\AppData\\Roaming\\npm\\node_modules\\firebase-tools\\lib\\emulator\\functionsEmulatorRuntime.js:4:12)\n    at moduleResolutionDetective (C:\\Users\\mnavinc\\AppData\\Roaming\\npm\\node_modules\\firebase-tools\\lib\\emulator\\functionsEmulatorRuntime.js:564:12)\n    at C:\\Users\\mnavinc\\AppData\\Roaming\\npm\\node_modules\\firebase-tools\\lib\\emulator\\functionsEmulatorRuntime.js:653:23\n    at Generator.next (<anonymous>)\n    at fulfilled (C:\\Users\\mnavinc\\AppData\\Roaming\\npm\\node_modules\\firebase-tools\\lib\\emulator\\functionsEmulatorRuntime.js:5:58)\n    at process._tickCallback (internal/process/next_tick.js:68:7)"}}
[warn] !  functions: Cannot find module './tsconfig.json' {"metadata":{"emulator":{"name":"functions"},"message":"Cannot find module './tsconfig.json'"}}
[warn] !  Your function was killed because it raised an unhandled error. {"metadata":{"emulator":{"name":"functions"},"message":"Your function was killed because it raised an unhandled error."}}
[debug] [2020-06-11T08:30:00.915Z] [worker-~diagnostic~-998cacc0-aba1-473b-a1ec-48da1e0d5427]: exited {"metadata":{"emulator":{"name":"functions"},"message":"[worker-~diagnostic~-998cacc0-aba1-473b-a1ec-48da1e0d5427]: exited"}}
[debug] [2020-06-11T08:30:00.915Z] [worker-~diagnostic~-998cacc0-aba1-473b-a1ec-48da1e0d5427]: FINISHED {"metadata":{"emulator":{"name":"functions"},"message":"[worker-~diagnostic~-998cacc0-aba1-473b-a1ec-48da1e0d5427]: FINISHED"}}
[debug] [2020-06-11T08:30:23.382Z] ----------------------------------------------------------------------
[debug] [2020-06-11T08:30:23.385Z] Command:       C:\Program Files\nodejs\node.exe C:\Users\mnavinc\AppData\Roaming\npm\node_modules\firebase-tools\lib\bin\firebase.js serve
[debug] [2020-06-11T08:30:23.386Z] CLI Version:   8.4.2
[debug] [2020-06-11T08:30:23.386Z] Platform:      win32
[debug] [2020-06-11T08:30:23.386Z] Node Version:  v10.15.3
[debug] [2020-06-11T08:30:23.388Z] Time:          Thu Jun 11 2020 14:00:23 GMT+0530 (India Standard Time)
[debug] [2020-06-11T08:30:23.389Z] ----------------------------------------------------------------------
[debug] [2020-06-11T08:30:23.389Z] 
[debug] [2020-06-11T08:30:23.402Z] > command requires scopes: ["email","openid","https://www.googleapis.com/auth/cloudplatformprojects.readonly","https://www.googleapis.com/auth/firebase","https://www.googleapis.com/auth/cloud-platform"]
[debug] [2020-06-11T08:30:23.403Z] > authorizing via signed-in user
[debug] [2020-06-11T08:30:23.403Z] [iam] checking project etikoppa-aacfe for permissions ["firebase.projects.get"]
[debug] [2020-06-11T08:30:23.407Z] >>> HTTP REQUEST POST https://cloudresourcemanager.googleapis.com/v1/projects/etikoppa-aacfe:testIamPermissions  
 {"permissions":["firebase.projects.get"]}
[debug] [2020-06-11T08:30:24.806Z] <<< HTTP RESPONSE 200 {"content-type":"application/json; charset=UTF-8","vary":"X-Origin, Referer, Origin,Accept-Encoding","date":"Thu, 11 Jun 2020 08:30:25 GMT","server":"ESF","cache-control":"private","x-xss-protection":"0","x-frame-options":"SAMEORIGIN","x-content-type-options":"nosniff","server-timing":"gfet4t7; dur=1152","alt-svc":"h3-27=\":443\"; ma=2592000,h3-25=\":443\"; ma=2592000,h3-T050=\":443\"; ma=2592000,h3-Q050=\":443\"; ma=2592000,h3-Q049=\":443\"; ma=2592000,h3-Q048=\":443\"; ma=2592000,h3-Q046=\":443\"; ma=2592000,h3-Q043=\":443\"; ma=2592000,quic=\":443\"; ma=2592000; v=\"46,43\"","accept-ranges":"none","transfer-encoding":"chunked"}
[debug] [2020-06-11T08:30:24.809Z] >>> HTTP REQUEST GET https://firebase.googleapis.com/v1beta1/projects/etikoppa-aacfe  
 
[debug] [2020-06-11T08:30:25.143Z] <<< HTTP RESPONSE 200 {"content-type":"application/json; charset=UTF-8","vary":"X-Origin, Referer, Origin,Accept-Encoding","date":"Thu, 11 Jun 2020 08:30:26 GMT","server":"ESF","cache-control":"private","x-xss-protection":"0","x-frame-options":"SAMEORIGIN","x-content-type-options":"nosniff","alt-svc":"h3-27=\":443\"; ma=2592000,h3-25=\":443\"; ma=2592000,h3-T050=\":443\"; ma=2592000,h3-Q050=\":443\"; ma=2592000,h3-Q049=\":443\"; ma=2592000,h3-Q048=\":443\"; ma=2592000,h3-Q046=\":443\"; ma=2592000,h3-Q043=\":443\"; ma=2592000,quic=\":443\"; ma=2592000; v=\"46,43\"","accept-ranges":"none","transfer-encoding":"chunked"}
[info] 
[info] === Serving from 'C:\Users\mnavinc\Documents\code\etikoppa'...
[info] 
[debug] [2020-06-11T08:30:25.153Z] >>> HTTP REQUEST GET https://firebase.googleapis.com/v1beta1/projects/etikoppa-aacfe/webApps/-/config  
 
[debug] [2020-06-11T08:30:26.160Z] <<< HTTP RESPONSE 200 {"content-type":"application/json; charset=UTF-8","vary":"X-Origin, Referer, Origin,Accept-Encoding","date":"Thu, 11 Jun 2020 08:30:27 GMT","server":"ESF","cache-control":"private","x-xss-protection":"0","x-frame-options":"SAMEORIGIN","x-content-type-options":"nosniff","alt-svc":"h3-27=\":443\"; ma=2592000,h3-25=\":443\"; ma=2592000,h3-T050=\":443\"; ma=2592000,h3-Q050=\":443\"; ma=2592000,h3-Q049=\":443\"; ma=2592000,h3-Q048=\":443\"; ma=2592000,h3-Q046=\":443\"; ma=2592000,h3-Q043=\":443\"; ma=2592000,quic=\":443\"; ma=2592000; v=\"46,43\"","accept-ranges":"none","transfer-encoding":"chunked"}
[info] i  hosting: Serving hosting files from: dist/ {"metadata":{"emulator":{"name":"hosting"},"message":"Serving hosting files from: \u001b[1mdist/\u001b[22m"}}
[info] +  hosting: Local server: http://localhost:5000 {"metadata":{"emulator":{"name":"hosting"},"message":"Local server: \u001b[4m\u001b[1mhttp://localhost:5000\u001b[22m\u001b[24m"}}
[warn] !  Your requested "node" version "8" doesn't match your global version "10" {"metadata":{"emulator":{"name":"functions"},"message":"Your requested \"node\" version \"8\" doesn't match your global version \"10\""}}
[info] i  functions: Watching "C:\Users\mnavinc\Documents\code\etikoppa\functions" for Cloud Functions... {"metadata":{"emulator":{"name":"functions"},"message":"Watching \"C:\\Users\\mnavinc\\Documents\\code\\etikoppa\\functions\" for Cloud Functions..."}}
[debug] [2020-06-11T08:30:27.202Z] [worker-pool] addWorker(~diagnostic~) {"metadata":{"emulator":{"name":"functions"},"message":"[worker-pool] addWorker(~diagnostic~)"}}
[debug] [2020-06-11T08:30:27.203Z] [worker-pool] Adding worker with key ~diagnostic~, total=1 {"metadata":{"emulator":{"name":"functions"},"message":"[worker-pool] Adding worker with key ~diagnostic~, total=1"}}
[debug] [2020-06-11T08:30:27.204Z] [worker-pool] submitWork(triggerId=) {"metadata":{"emulator":{"name":"functions"},"message":"[worker-pool] submitWork(triggerId=)"}}
[debug] [2020-06-11T08:30:27.204Z] [worker-~diagnostic~-9486426f-2f42-4407-b5e7-ee305d39bb05]: Assigning socketPath: \\?\pipe\C:\Users\mnavinc\Documents\code\etikoppa\functions\27568 {"metadata":{"emulator":{"name":"functions"},"message":"[worker-~diagnostic~-9486426f-2f42-4407-b5e7-ee305d39bb05]: Assigning socketPath: \\\\?\\pipe\\C:\\Users\\mnavinc\\Documents\\code\\etikoppa\\functions\\27568"}}
[debug] [2020-06-11T08:30:27.205Z] [worker-~diagnostic~-9486426f-2f42-4407-b5e7-ee305d39bb05]: BUSY {"metadata":{"emulator":{"name":"functions"},"message":"[worker-~diagnostic~-9486426f-2f42-4407-b5e7-ee305d39bb05]: BUSY"}}
[debug] [2020-06-11T08:30:27.978Z] [runtime-status] [27568] Functions runtime initialized. {"cwd":"C:\\Users\\mnavinc\\Documents\\code\\etikoppa\\functions","node_version":"10.15.3"} {"metadata":{"emulator":{"name":"functions"},"message":"[runtime-status] [27568] Functions runtime initialized. {\"cwd\":\"C:\\\\Users\\\\mnavinc\\\\Documents\\\\code\\\\etikoppa\\\\functions\",\"node_version\":\"10.15.3\"}"}}
[debug] [2020-06-11T08:30:27.981Z] [runtime-status] [27568] Disabled runtime features: undefined {"metadata":{"emulator":{"name":"functions"},"message":"[runtime-status] [27568] Disabled runtime features: undefined"}}
[debug] [2020-06-11T08:30:27.987Z] [runtime-status] [27568] Resolved module firebase-admin {"declared":true,"installed":true,"version":"8.12.1","resolution":"C:\\Users\\mnavinc\\Documents\\code\\etikoppa\\functions\\node_modules\\firebase-admin\\lib\\index.js"} {"metadata":{"emulator":{"name":"functions"},"message":"[runtime-status] [27568] Resolved module firebase-admin {\"declared\":true,\"installed\":true,\"version\":\"8.12.1\",\"resolution\":\"C:\\\\Users\\\\mnavinc\\\\Documents\\\\code\\\\etikoppa\\\\functions\\\\node_modules\\\\firebase-admin\\\\lib\\\\index.js\"}"}}
[debug] [2020-06-11T08:30:27.991Z] [runtime-status] [27568] Resolved module firebase-functions {"declared":true,"installed":true,"version":"3.7.0","resolution":"C:\\Users\\mnavinc\\Documents\\code\\etikoppa\\functions\\node_modules\\firebase-functions\\lib\\index.js"} {"metadata":{"emulator":{"name":"functions"},"message":"[runtime-status] [27568] Resolved module firebase-functions {\"declared\":true,\"installed\":true,\"version\":\"3.7.0\",\"resolution\":\"C:\\\\Users\\\\mnavinc\\\\Documents\\\\code\\\\etikoppa\\\\functions\\\\node_modules\\\\firebase-functions\\\\lib\\\\index.js\"}"}}
[debug] [2020-06-11T08:30:28.001Z] [runtime-status] [27568] Outgoing network have been stubbed. [{"name":"http","status":"mocked"},{"name":"http","status":"mocked"},{"name":"https","status":"mocked"},{"name":"https","status":"mocked"},{"name":"net","status":"mocked"}] {"metadata":{"emulator":{"name":"functions"},"message":"[runtime-status] [27568] Outgoing network have been stubbed. [{\"name\":\"http\",\"status\":\"mocked\"},{\"name\":\"http\",\"status\":\"mocked\"},{\"name\":\"https\",\"status\":\"mocked\"},{\"name\":\"https\",\"status\":\"mocked\"},{\"name\":\"net\",\"status\":\"mocked\"}]"}}
[debug] [2020-06-11T08:30:28.004Z] [runtime-status] [27568] Resolved module firebase-functions {"declared":true,"installed":true,"version":"3.7.0","resolution":"C:\\Users\\mnavinc\\Documents\\code\\etikoppa\\functions\\node_modules\\firebase-functions\\lib\\index.js"} {"metadata":{"emulator":{"name":"functions"},"message":"[runtime-status] [27568] Resolved module firebase-functions {\"declared\":true,\"installed\":true,\"version\":\"3.7.0\",\"resolution\":\"C:\\\\Users\\\\mnavinc\\\\Documents\\\\code\\\\etikoppa\\\\functions\\\\node_modules\\\\firebase-functions\\\\lib\\\\index.js\"}"}}
[debug] [2020-06-11T08:30:28.080Z] [runtime-status] [27568] Checked functions.config() {"config":{}} {"metadata":{"emulator":{"name":"functions"},"message":"[runtime-status] [27568] Checked functions.config() {\"config\":{}}"}}
[debug] [2020-06-11T08:30:28.081Z] [runtime-status] [27568] firebase-functions has been stubbed. {"functionsResolution":{"declared":true,"installed":true,"version":"3.7.0","resolution":"C:\\Users\\mnavinc\\Documents\\code\\etikoppa\\functions\\node_modules\\firebase-functions\\lib\\index.js"}} {"metadata":{"emulator":{"name":"functions"},"message":"[runtime-status] [27568] firebase-functions has been stubbed. {\"functionsResolution\":{\"declared\":true,\"installed\":true,\"version\":\"3.7.0\",\"resolution\":\"C:\\\\Users\\\\mnavinc\\\\Documents\\\\code\\\\etikoppa\\\\functions\\\\node_modules\\\\firebase-functions\\\\lib\\\\index.js\"}}"}}
[debug] [2020-06-11T08:30:28.082Z] [runtime-status] [27568] Resolved module firebase-functions {"declared":true,"installed":true,"version":"3.7.0","resolution":"C:\\Users\\mnavinc\\Documents\\code\\etikoppa\\functions\\node_modules\\firebase-functions\\lib\\index.js"} {"metadata":{"emulator":{"name":"functions"},"message":"[runtime-status] [27568] Resolved module firebase-functions {\"declared\":true,\"installed\":true,\"version\":\"3.7.0\",\"resolution\":\"C:\\\\Users\\\\mnavinc\\\\Documents\\\\code\\\\etikoppa\\\\functions\\\\node_modules\\\\firebase-functions\\\\lib\\\\index.js\"}"}}
[debug] [2020-06-11T08:30:28.083Z] [runtime-status] [27568] Resolved module firebase-admin {"declared":true,"installed":true,"version":"8.12.1","resolution":"C:\\Users\\mnavinc\\Documents\\code\\etikoppa\\functions\\node_modules\\firebase-admin\\lib\\index.js"} {"metadata":{"emulator":{"name":"functions"},"message":"[runtime-status] [27568] Resolved module firebase-admin {\"declared\":true,\"installed\":true,\"version\":\"8.12.1\",\"resolution\":\"C:\\\\Users\\\\mnavinc\\\\Documents\\\\code\\\\etikoppa\\\\functions\\\\node_modules\\\\firebase-admin\\\\lib\\\\index.js\"}"}}
[debug] [2020-06-11T08:30:28.084Z] [runtime-status] [27568] Resolved module firebase-functions {"declared":true,"installed":true,"version":"3.7.0","resolution":"C:\\Users\\mnavinc\\Documents\\code\\etikoppa\\functions\\node_modules\\firebase-functions\\lib\\index.js"} {"metadata":{"emulator":{"name":"functions"},"message":"[runtime-status] [27568] Resolved module firebase-functions {\"declared\":true,\"installed\":true,\"version\":\"3.7.0\",\"resolution\":\"C:\\\\Users\\\\mnavinc\\\\Documents\\\\code\\\\etikoppa\\\\functions\\\\node_modules\\\\firebase-functions\\\\lib\\\\index.js\"}"}}
[debug] [2020-06-11T08:30:28.085Z] [runtime-status] [27568] firebase-admin has been stubbed. {"adminResolution":{"declared":true,"installed":true,"version":"8.12.1","resolution":"C:\\Users\\mnavinc\\Documents\\code\\etikoppa\\functions\\node_modules\\firebase-admin\\lib\\index.js"}} {"metadata":{"emulator":{"name":"functions"},"message":"[runtime-status] [27568] firebase-admin has been stubbed. {\"adminResolution\":{\"declared\":true,\"installed\":true,\"version\":\"8.12.1\",\"resolution\":\"C:\\\\Users\\\\mnavinc\\\\Documents\\\\code\\\\etikoppa\\\\functions\\\\node_modules\\\\firebase-admin\\\\lib\\\\index.js\"}}"}}
[debug] [2020-06-11T08:30:28.477Z] [runtime-status] [27568] initializeApp(DEFAULT) {"databaseURL":"https://etikoppa-aacfe.firebaseio.com","storageBucket":"etikoppa-aacfe.appspot.com","projectId":"etikoppa-aacfe"} {"metadata":{"emulator":{"name":"functions"},"message":"[runtime-status] [27568] initializeApp(DEFAULT) {\"databaseURL\":\"https://etikoppa-aacfe.firebaseio.com\",\"storageBucket\":\"etikoppa-aacfe.appspot.com\",\"projectId\":\"etikoppa-aacfe\"}"}}
[warn] !  ReferenceError: app is not defined
    at Object.<anonymous> (C:\Users\mnavinc\Documents\code\etikoppa\functions\index.js:14:1)
    at Module._compile (internal/modules/cjs/loader.js:701:30)
    at Object.Module._extensions..js (internal/modules/cjs/loader.js:712:10)
    at Module.load (internal/modules/cjs/loader.js:600:32)
    at tryModuleLoad (internal/modules/cjs/loader.js:539:12)
    at Function.Module._load (internal/modules/cjs/loader.js:531:3)
    at Module.require (internal/modules/cjs/loader.js:637:17)
    at require (internal/modules/cjs/helpers.js:22:18)
    at C:\Users\mnavinc\AppData\Roaming\npm\node_modules\firebase-tools\lib\emulator\functionsEmulatorRuntime.js:650:33
    at Generator.next (<anonymous>)
    at fulfilled (C:\Users\mnavinc\AppData\Roaming\npm\node_modules\firebase-tools\lib\emulator\functionsEmulatorRuntime.js:5:58)
    at process._tickCallback (internal/process/next_tick.js:68:7) {"metadata":{"emulator":{"name":"functions"},"message":"ReferenceError: app is not defined\n    at Object.<anonymous> (C:\\Users\\mnavinc\\Documents\\code\\etikoppa\\functions\\index.js:14:1)\n    at Module._compile (internal/modules/cjs/loader.js:701:30)\n    at Object.Module._extensions..js (internal/modules/cjs/loader.js:712:10)\n    at Module.load (internal/modules/cjs/loader.js:600:32)\n    at tryModuleLoad (internal/modules/cjs/loader.js:539:12)\n    at Function.Module._load (internal/modules/cjs/loader.js:531:3)\n    at Module.require (internal/modules/cjs/loader.js:637:17)\n    at require (internal/modules/cjs/helpers.js:22:18)\n    at C:\\Users\\mnavinc\\AppData\\Roaming\\npm\\node_modules\\firebase-tools\\lib\\emulator\\functionsEmulatorRuntime.js:650:33\n    at Generator.next (<anonymous>)\n    at fulfilled (C:\\Users\\mnavinc\\AppData\\Roaming\\npm\\node_modules\\firebase-tools\\lib\\emulator\\functionsEmulatorRuntime.js:5:58)\n    at process._tickCallback (internal/process/next_tick.js:68:7)"}}
[warn] !  We were unable to load your functions code. (see above)
   - It appears your code is written in Typescript, which must be compiled before emulation. {"metadata":{"emulator":{"name":"functions"}}}
[debug] [2020-06-11T08:30:28.502Z] [worker-~diagnostic~-9486426f-2f42-4407-b5e7-ee305d39bb05]: exited {"metadata":{"emulator":{"name":"functions"},"message":"[worker-~diagnostic~-9486426f-2f42-4407-b5e7-ee305d39bb05]: exited"}}
[debug] [2020-06-11T08:30:28.502Z] [worker-~diagnostic~-9486426f-2f42-4407-b5e7-ee305d39bb05]: FINISHED {"metadata":{"emulator":{"name":"functions"},"message":"[worker-~diagnostic~-9486426f-2f42-4407-b5e7-ee305d39bb05]: FINISHED"}}
[debug] [2020-06-11T08:30:56.126Z] File C:\Users\mnavinc\Documents\code\etikoppa\functions\index.js changed, reloading triggers {"metadata":{"emulator":{"name":"functions"},"message":"File C:\\Users\\mnavinc\\Documents\\code\\etikoppa\\functions\\index.js changed, reloading triggers"}}
[debug] [2020-06-11T08:30:57.137Z] [worker-pool] Cleaned up workers for ~diagnostic~: 1 --> 0 {"metadata":{"emulator":{"name":"functions"},"message":"[worker-pool] Cleaned up workers for ~diagnostic~: 1 --> 0"}}
[debug] [2020-06-11T08:30:57.159Z] [worker-pool] addWorker(~diagnostic~) {"metadata":{"emulator":{"name":"functions"},"message":"[worker-pool] addWorker(~diagnostic~)"}}
[debug] [2020-06-11T08:30:57.159Z] [worker-pool] Adding worker with key ~diagnostic~, total=1 {"metadata":{"emulator":{"name":"functions"},"message":"[worker-pool] Adding worker with key ~diagnostic~, total=1"}}
[debug] [2020-06-11T08:30:57.160Z] [worker-pool] submitWork(triggerId=) {"metadata":{"emulator":{"name":"functions"},"message":"[worker-pool] submitWork(triggerId=)"}}
[debug] [2020-06-11T08:30:57.160Z] [worker-~diagnostic~-512e1fe3-244c-4d2c-b30f-b6481d892d58]: Assigning socketPath: \\?\pipe\C:\Users\mnavinc\Documents\code\etikoppa\functions\24672 {"metadata":{"emulator":{"name":"functions"},"message":"[worker-~diagnostic~-512e1fe3-244c-4d2c-b30f-b6481d892d58]: Assigning socketPath: \\\\?\\pipe\\C:\\Users\\mnavinc\\Documents\\code\\etikoppa\\functions\\24672"}}
[debug] [2020-06-11T08:30:57.160Z] [worker-~diagnostic~-512e1fe3-244c-4d2c-b30f-b6481d892d58]: BUSY {"metadata":{"emulator":{"name":"functions"},"message":"[worker-~diagnostic~-512e1fe3-244c-4d2c-b30f-b6481d892d58]: BUSY"}}
[debug] [2020-06-11T08:30:58.236Z] [runtime-status] [24672] Functions runtime initialized. {"cwd":"C:\\Users\\mnavinc\\Documents\\code\\etikoppa\\functions","node_version":"10.15.3"} {"metadata":{"emulator":{"name":"functions"},"message":"[runtime-status] [24672] Functions runtime initialized. {\"cwd\":\"C:\\\\Users\\\\mnavinc\\\\Documents\\\\code\\\\etikoppa\\\\functions\",\"node_version\":\"10.15.3\"}"}}
[debug] [2020-06-11T08:30:58.240Z] [runtime-status] [24672] Disabled runtime features: undefined {"metadata":{"emulator":{"name":"functions"},"message":"[runtime-status] [24672] Disabled runtime features: undefined"}}
[debug] [2020-06-11T08:30:58.244Z] [runtime-status] [24672] Resolved module firebase-admin {"declared":true,"installed":true,"version":"8.12.1","resolution":"C:\\Users\\mnavinc\\Documents\\code\\etikoppa\\functions\\node_modules\\firebase-admin\\lib\\index.js"} {"metadata":{"emulator":{"name":"functions"},"message":"[runtime-status] [24672] Resolved module firebase-admin {\"declared\":true,\"installed\":true,\"version\":\"8.12.1\",\"resolution\":\"C:\\\\Users\\\\mnavinc\\\\Documents\\\\code\\\\etikoppa\\\\functions\\\\node_modules\\\\firebase-admin\\\\lib\\\\index.js\"}"}}
[debug] [2020-06-11T08:30:58.250Z] [runtime-status] [24672] Resolved module firebase-functions {"declared":true,"installed":true,"version":"3.7.0","resolution":"C:\\Users\\mnavinc\\Documents\\code\\etikoppa\\functions\\node_modules\\firebase-functions\\lib\\index.js"} {"metadata":{"emulator":{"name":"functions"},"message":"[runtime-status] [24672] Resolved module firebase-functions {\"declared\":true,\"installed\":true,\"version\":\"3.7.0\",\"resolution\":\"C:\\\\Users\\\\mnavinc\\\\Documents\\\\code\\\\etikoppa\\\\functions\\\\node_modules\\\\firebase-functions\\\\lib\\\\index.js\"}"}}
[debug] [2020-06-11T08:30:58.258Z] [runtime-status] [24672] Outgoing network have been stubbed. [{"name":"http","status":"mocked"},{"name":"http","status":"mocked"},{"name":"https","status":"mocked"},{"name":"https","status":"mocked"},{"name":"net","status":"mocked"}] {"metadata":{"emulator":{"name":"functions"},"message":"[runtime-status] [24672] Outgoing network have been stubbed. [{\"name\":\"http\",\"status\":\"mocked\"},{\"name\":\"http\",\"status\":\"mocked\"},{\"name\":\"https\",\"status\":\"mocked\"},{\"name\":\"https\",\"status\":\"mocked\"},{\"name\":\"net\",\"status\":\"mocked\"}]"}}
[debug] [2020-06-11T08:30:58.261Z] [runtime-status] [24672] Resolved module firebase-functions {"declared":true,"installed":true,"version":"3.7.0","resolution":"C:\\Users\\mnavinc\\Documents\\code\\etikoppa\\functions\\node_modules\\firebase-functions\\lib\\index.js"} {"metadata":{"emulator":{"name":"functions"},"message":"[runtime-status] [24672] Resolved module firebase-functions {\"declared\":true,\"installed\":true,\"version\":\"3.7.0\",\"resolution\":\"C:\\\\Users\\\\mnavinc\\\\Documents\\\\code\\\\etikoppa\\\\functions\\\\node_modules\\\\firebase-functions\\\\lib\\\\index.js\"}"}}
[debug] [2020-06-11T08:30:58.359Z] [runtime-status] [24672] Checked functions.config() {"config":{}} {"metadata":{"emulator":{"name":"functions"},"message":"[runtime-status] [24672] Checked functions.config() {\"config\":{}}"}}
[debug] [2020-06-11T08:30:58.359Z] [runtime-status] [24672] firebase-functions has been stubbed. {"functionsResolution":{"declared":true,"installed":true,"version":"3.7.0","resolution":"C:\\Users\\mnavinc\\Documents\\code\\etikoppa\\functions\\node_modules\\firebase-functions\\lib\\index.js"}} {"metadata":{"emulator":{"name":"functions"},"message":"[runtime-status] [24672] firebase-functions has been stubbed. {\"functionsResolution\":{\"declared\":true,\"installed\":true,\"version\":\"3.7.0\",\"resolution\":\"C:\\\\Users\\\\mnavinc\\\\Documents\\\\code\\\\etikoppa\\\\functions\\\\node_modules\\\\firebase-functions\\\\lib\\\\index.js\"}}"}}
[debug] [2020-06-11T08:30:58.360Z] [runtime-status] [24672] Resolved module firebase-functions {"declared":true,"installed":true,"version":"3.7.0","resolution":"C:\\Users\\mnavinc\\Documents\\code\\etikoppa\\functions\\node_modules\\firebase-functions\\lib\\index.js"} {"metadata":{"emulator":{"name":"functions"},"message":"[runtime-status] [24672] Resolved module firebase-functions {\"declared\":true,\"installed\":true,\"version\":\"3.7.0\",\"resolution\":\"C:\\\\Users\\\\mnavinc\\\\Documents\\\\code\\\\etikoppa\\\\functions\\\\node_modules\\\\firebase-functions\\\\lib\\\\index.js\"}"}}
[debug] [2020-06-11T08:30:58.362Z] [runtime-status] [24672] Resolved module firebase-admin {"declared":true,"installed":true,"version":"8.12.1","resolution":"C:\\Users\\mnavinc\\Documents\\code\\etikoppa\\functions\\node_modules\\firebase-admin\\lib\\index.js"} {"metadata":{"emulator":{"name":"functions"},"message":"[runtime-status] [24672] Resolved module firebase-admin {\"declared\":true,\"installed\":true,\"version\":\"8.12.1\",\"resolution\":\"C:\\\\Users\\\\mnavinc\\\\Documents\\\\code\\\\etikoppa\\\\functions\\\\node_modules\\\\firebase-admin\\\\lib\\\\index.js\"}"}}
[debug] [2020-06-11T08:30:58.363Z] [runtime-status] [24672] Resolved module firebase-functions {"declared":true,"installed":true,"version":"3.7.0","resolution":"C:\\Users\\mnavinc\\Documents\\code\\etikoppa\\functions\\node_modules\\firebase-functions\\lib\\index.js"} {"metadata":{"emulator":{"name":"functions"},"message":"[runtime-status] [24672] Resolved module firebase-functions {\"declared\":true,\"installed\":true,\"version\":\"3.7.0\",\"resolution\":\"C:\\\\Users\\\\mnavinc\\\\Documents\\\\code\\\\etikoppa\\\\functions\\\\node_modules\\\\firebase-functions\\\\lib\\\\index.js\"}"}}
[debug] [2020-06-11T08:30:58.363Z] [runtime-status] [24672] firebase-admin has been stubbed. {"adminResolution":{"declared":true,"installed":true,"version":"8.12.1","resolution":"C:\\Users\\mnavinc\\Documents\\code\\etikoppa\\functions\\node_modules\\firebase-admin\\lib\\index.js"}} {"metadata":{"emulator":{"name":"functions"},"message":"[runtime-status] [24672] firebase-admin has been stubbed. {\"adminResolution\":{\"declared\":true,\"installed\":true,\"version\":\"8.12.1\",\"resolution\":\"C:\\\\Users\\\\mnavinc\\\\Documents\\\\code\\\\etikoppa\\\\functions\\\\node_modules\\\\firebase-admin\\\\lib\\\\index.js\"}}"}}
[debug] [2020-06-11T08:30:58.859Z] [runtime-status] [24672] initializeApp(DEFAULT) {"databaseURL":"https://etikoppa-aacfe.firebaseio.com","storageBucket":"etikoppa-aacfe.appspot.com","projectId":"etikoppa-aacfe"} {"metadata":{"emulator":{"name":"functions"},"message":"[runtime-status] [24672] initializeApp(DEFAULT) {\"databaseURL\":\"https://etikoppa-aacfe.firebaseio.com\",\"storageBucket\":\"etikoppa-aacfe.appspot.com\",\"projectId\":\"etikoppa-aacfe\"}"}}
[info] +  functions[createOrder]: http function initialized (http://localhost:5001/etikoppa-aacfe/us-central1/createOrder). {"metadata":{"emulator":{"name":"functions"},"message":"\u001b[1mhttp\u001b[22m function initialized (http://localhost:5001/etikoppa-aacfe/us-central1/createOrder)."}}
[info] +  functions[capturePayments]: http function initialized (http://localhost:5001/etikoppa-aacfe/us-central1/capturePayments). {"metadata":{"emulator":{"name":"functions"},"message":"\u001b[1mhttp\u001b[22m function initialized (http://localhost:5001/etikoppa-aacfe/us-central1/capturePayments)."}}
[debug] [2020-06-11T08:30:58.868Z] [worker-~diagnostic~-512e1fe3-244c-4d2c-b30f-b6481d892d58]: IDLE {"metadata":{"emulator":{"name":"functions"},"message":"[worker-~diagnostic~-512e1fe3-244c-4d2c-b30f-b6481d892d58]: IDLE"}}
